shareLib/build/outputs/logs/manifest-merger-release-report.txt
-- Merging decision tree log ---
manifest
ADDED from src/main/AndroidManifest.xml:2:1-51:12
INJECTED from src/main/AndroidManifest.xml:2:1-51:12
INJECTED from src/main/AndroidManifest.xml:2:1-51:12
INJECTED from src/main/AndroidManifest.xml:2:1-51:12
INJECTED from src/main/AndroidManifest.xml:2:1-51:12
INJECTED from src/main/AndroidManifest.xml:2:1-51:12
INJECTED from src/main/AndroidManifest.xml:2:1-51:12
	package
		ADDED from src/main/AndroidManifest.xml:3:5-37
		INJECTED from src/main/AndroidManifest.xml
		INJECTED from src/main/AndroidManifest.xml
	android:versionName
		INJECTED from src/main/AndroidManifest.xml
		ADDED from src/main/AndroidManifest.xml:2:1-51:12
		INJECTED from src/main/AndroidManifest.xml
	android:versionCode
		INJECTED from src/main/AndroidManifest.xml
		ADDED from src/main/AndroidManifest.xml:2:1-51:12
		INJECTED from src/main/AndroidManifest.xml
	xmlns:android
		ADDED from src/main/AndroidManifest.xml:2:11-69
uses-permission#android.permission.GET_TASKS
ADDED from src/main/AndroidManifest.xml:5:5-68
	android:name
		ADDED from src/main/AndroidManifest.xml:5:22-65
uses-permission#android.permission.INTERNET
ADDED from src/main/AndroidManifest.xml:6:5-67
	android:name
		ADDED from src/main/AndroidManifest.xml:6:22-64
uses-permission#android.permission.ACCESS_WIFI_STATE
ADDED from src/main/AndroidManifest.xml:7:5-76
	android:name
		ADDED from src/main/AndroidManifest.xml:7:22-73
uses-permission#android.permission.ACCESS_NETWORK_STATE
ADDED from src/main/AndroidManifest.xml:8:5-79
	android:name
		ADDED from src/main/AndroidManifest.xml:8:22-76
uses-permission#android.permission.CHANGE_WIFI_STATE
ADDED from src/main/AndroidManifest.xml:9:5-76
	android:name
		ADDED from src/main/AndroidManifest.xml:9:22-73
uses-permission#android.permission.WRITE_EXTERNAL_STORAGE
ADDED from src/main/AndroidManifest.xml:10:5-81
	android:name
		ADDED from src/main/AndroidManifest.xml:10:22-78
uses-permission#android.permission.READ_PHONE_STATE
ADDED from src/main/AndroidManifest.xml:11:5-75
	android:name
		ADDED from src/main/AndroidManifest.xml:11:22-72
uses-permission#android.permission.MANAGE_ACCOUNTS
ADDED from src/main/AndroidManifest.xml:12:5-73
	android:name
		ADDED from src/main/AndroidManifest.xml:12:22-71
uses-permission#android.permission.GET_ACCOUNTS
ADDED from src/main/AndroidManifest.xml:13:5-70
	android:name
		ADDED from src/main/AndroidManifest.xml:13:22-68
uses-permission#android.permission.BLUETOOTH
ADDED from src/main/AndroidManifest.xml:15:5-68
	android:name
		ADDED from src/main/AndroidManifest.xml:15:22-65
uses-permission#android.permission.BLUETOOTH_ADMIN
ADDED from src/main/AndroidManifest.xml:16:5-74
	android:name
		ADDED from src/main/AndroidManifest.xml:16:22-71
application
ADDED from src/main/AndroidManifest.xml:17:5-49:19
	android:supportsRtl
		ADDED from src/main/AndroidManifest.xml:20:9-35
	android:label
		ADDED from src/main/AndroidManifest.xml:19:9-41
	android:allowBackup
		ADDED from src/main/AndroidManifest.xml:18:9-35
	android:theme
		ADDED from src/main/AndroidManifest.xml:21:9-43
activity#com.mob.tools.MobUIShell
ADDED from src/main/AndroidManifest.xml:22:9-41:20
	android:screenOrientation
		ADDED from src/main/AndroidManifest.xml:26:13-49
	android:windowSoftInputMode
		ADDED from src/main/AndroidManifest.xml:27:13-67
	android:configChanges
		ADDED from src/main/AndroidManifest.xml:25:13-74
	android:theme
		ADDED from src/main/AndroidManifest.xml:24:13-72
	android:name
		ADDED from src/main/AndroidManifest.xml:23:13-52
intent-filter#android.intent.action.VIEW+android.intent.category.BROWSABLE+android.intent.category.DEFAULT
ADDED from src/main/AndroidManifest.xml:29:13-34:29
data
ADDED from src/main/AndroidManifest.xml:30:17-59
	android:scheme
		ADDED from src/main/AndroidManifest.xml:30:23-56
action#android.intent.action.VIEW
ADDED from src/main/AndroidManifest.xml:31:17-69
	android:name
		ADDED from src/main/AndroidManifest.xml:31:25-66
category#android.intent.category.BROWSABLE
ADDED from src/main/AndroidManifest.xml:32:17-78
	android:name
		ADDED from src/main/AndroidManifest.xml:32:27-75
category#android.intent.category.DEFAULT
ADDED from src/main/AndroidManifest.xml:33:17-76
	android:name
		ADDED from src/main/AndroidManifest.xml:33:27-73
intent-filter#android.intent.category.DEFAULT+com.sina.weibo.sdk.action.ACTION_SDK_REQ_ACTIVITY
ADDED from src/main/AndroidManifest.xml:37:13-40:29
action#com.sina.weibo.sdk.action.ACTION_SDK_REQ_ACTIVITY
ADDED from src/main/AndroidManifest.xml:38:17-92
	android:name
		ADDED from src/main/AndroidManifest.xml:38:25-89
activity#cn.shopex.ecstore.wxapi.WXEntryActivity
ADDED from src/main/AndroidManifest.xml:43:9-48:52
	android:screenOrientation
		ADDED from src/main/AndroidManifest.xml:48:13-49
	android:exported
		ADDED from src/main/AndroidManifest.xml:47:13-36
	android:configChanges
		ADDED from src/main/AndroidManifest.xml:46:13-74
	android:theme
		ADDED from src/main/AndroidManifest.xml:45:13-72
	android:name
		ADDED from src/main/AndroidManifest.xml:44:13-67
uses-sdk
INJECTED from src/main/AndroidManifest.xml reason: use-sdk injection requested
INJECTED from src/main/AndroidManifest.xml
INJECTED from src/main/AndroidManifest.xml
INJECTED from src/main/AndroidManifest.xml
INJECTED from src/main/AndroidManifest.xml
	android:targetSdkVersion
		INJECTED from src/main/AndroidManifest.xml
		ADDED from src/main/AndroidManifest.xml
		INJECTED from src/main/AndroidManifest.xml
	android:minSdkVersion
		INJECTED from src/main/AndroidManifest.xml
		ADDED from src/main/AndroidManifest.xml
		INJECTED from src/main/AndroidManifest.xml